Determining if the pthread_create exist failed with the following output:
Change Dir: /home/shruti/POE/OCR/build/CMakeFiles/CMakeTmp

Run Build Command:/usr/bin/make "cmTryCompileExec1395077693/fast"
/usr/bin/make -f CMakeFiles/cmTryCompileExec1395077693.dir/build.make CMakeFiles/cmTryCompileExec1395077693.dir/build
make[1]: Entering directory `/home/shruti/POE/OCR/build/CMakeFiles/CMakeTmp'
/usr/bin/cmake -E cmake_progress_report /home/shruti/POE/OCR/build/CMakeFiles/CMakeTmp/CMakeFiles 1
Building C object CMakeFiles/cmTryCompileExec1395077693.dir/CheckSymbolExists.c.o
/usr/bin/cc    -o CMakeFiles/cmTryCompileExec1395077693.dir/CheckSymbolExists.c.o   -c /home/shruti/POE/OCR/build/CMakeFiles/CMakeTmp/CheckSymbolExists.c
Linking C executable cmTryCompileExec1395077693
/usr/bin/cmake -E cmake_link_script CMakeFiles/cmTryCompileExec1395077693.dir/link.txt --verbose=1
/usr/bin/cc       CMakeFiles/cmTryCompileExec1395077693.dir/CheckSymbolExists.c.o  -o cmTryCompileExec1395077693 -rdynamic 
CMakeFiles/cmTryCompileExec1395077693.dir/CheckSymbolExists.c.o: In function `main':
CheckSymbolExists.c:(.text+0x16): undefined reference to `pthread_create'
collect2: error: ld returned 1 exit status
make[1]: *** [cmTryCompileExec1395077693] Error 1
make[1]: Leaving directory `/home/shruti/POE/OCR/build/CMakeFiles/CMakeTmp'
make: *** [cmTryCompileExec1395077693/fast] Error 2

File /home/shruti/POE/OCR/build/CMakeFiles/CMakeTmp/CheckSymbolExists.c:
/* */
#include <pthread.h>

int main(int argc, char** argv)
{
  (void)argv;
#ifndef pthread_create
  return ((int*)(&pthread_create))[argc];
#else
  (void)argc;
  return 0;
#endif
}

Determining if the function pthread_create exists in the pthreads failed with the following output:
Change Dir: /home/shruti/POE/OCR/build/CMakeFiles/CMakeTmp

Run Build Command:/usr/bin/make "cmTryCompileExec865370451/fast"
/usr/bin/make -f CMakeFiles/cmTryCompileExec865370451.dir/build.make CMakeFiles/cmTryCompileExec865370451.dir/build
make[1]: Entering directory `/home/shruti/POE/OCR/build/CMakeFiles/CMakeTmp'
/usr/bin/cmake -E cmake_progress_report /home/shruti/POE/OCR/build/CMakeFiles/CMakeTmp/CMakeFiles 1
Building C object CMakeFiles/cmTryCompileExec865370451.dir/CheckFunctionExists.c.o
/usr/bin/cc   -DCHECK_FUNCTION_EXISTS=pthread_create   -o CMakeFiles/cmTryCompileExec865370451.dir/CheckFunctionExists.c.o   -c /usr/share/cmake-2.8/Modules/CheckFunctionExists.c
Linking C executable cmTryCompileExec865370451
/usr/bin/cmake -E cmake_link_script CMakeFiles/cmTryCompileExec865370451.dir/link.txt --verbose=1
/usr/bin/cc   -DCHECK_FUNCTION_EXISTS=pthread_create    CMakeFiles/cmTryCompileExec865370451.dir/CheckFunctionExists.c.o  -o cmTryCompileExec865370451 -rdynamic -lpthreads 
/usr/bin/ld: cannot find -lpthreads
collect2: error: ld returned 1 exit status
make[1]: *** [cmTryCompileExec865370451] Error 1
make[1]: Leaving directory `/home/shruti/POE/OCR/build/CMakeFiles/CMakeTmp'
make: *** [cmTryCompileExec865370451/fast] Error 2


